2025-12-15 15:34:47 +03:30: [31m[auth][error][0m MissingSecret: Please define a `secret`. Read more at https://errors.authjs.dev#missingsecret
2025-12-15 15:34:47 +03:30:     at D:\Git Repos\Cartable-UI\cartable-ui\cartable-ui\.next\standalone\.next\server\middleware.js:418:51336
2025-12-15 15:34:47 +03:30:     at fB (D:\Git Repos\Cartable-UI\cartable-ui\cartable-ui\.next\standalone\.next\server\middleware.js:418:53936)
2025-12-15 15:34:47 +03:30:     at process.processTicksAndRejections (node:internal/process/task_queues:103:5)
2025-12-15 15:34:47 +03:30: [31m[auth][error][0m MissingSecret: Please define a `secret`. Read more at https://errors.authjs.dev#missingsecret
2025-12-15 15:34:47 +03:30:     at D:\Git Repos\Cartable-UI\cartable-ui\cartable-ui\.next\standalone\.next\server\chunks\658.js:415:50806
2025-12-15 15:34:47 +03:30:     at fh (D:\Git Repos\Cartable-UI\cartable-ui\cartable-ui\.next\standalone\.next\server\chunks\658.js:415:53397)
2025-12-15 15:34:47 +03:30:     at process.processTicksAndRejections (node:internal/process/task_queues:103:5)
2025-12-15 15:34:47 +03:30: [31m[auth][error][0m MissingSecret: Please define a `secret`. Read more at https://errors.authjs.dev#missingsecret
2025-12-15 15:34:47 +03:30:     at D:\Git Repos\Cartable-UI\cartable-ui\cartable-ui\.next\standalone\.next\server\middleware.js:418:51336
2025-12-15 15:34:47 +03:30:     at fB (D:\Git Repos\Cartable-UI\cartable-ui\cartable-ui\.next\standalone\.next\server\middleware.js:418:53936)
2025-12-15 15:34:47 +03:30:     at process.processTicksAndRejections (node:internal/process/task_queues:103:5)
2025-12-15 15:34:47 +03:30: [31m[auth][error][0m MissingSecret: Please define a `secret`. Read more at https://errors.authjs.dev#missingsecret
2025-12-15 15:34:47 +03:30:     at D:\Git Repos\Cartable-UI\cartable-ui\cartable-ui\.next\standalone\.next\server\chunks\658.js:415:50806
2025-12-15 15:34:47 +03:30:     at fh (D:\Git Repos\Cartable-UI\cartable-ui\cartable-ui\.next\standalone\.next\server\chunks\658.js:415:53397)
2025-12-15 15:34:47 +03:30:     at process.processTicksAndRejections (node:internal/process/task_queues:103:5)
2025-12-15 15:34:48 +03:30: [31m[auth][error][0m MissingSecret: Please define a `secret`. Read more at https://errors.authjs.dev#missingsecret
2025-12-15 15:34:48 +03:30:     at D:\Git Repos\Cartable-UI\cartable-ui\cartable-ui\.next\standalone\.next\server\chunks\658.js:415:50806
2025-12-15 15:34:48 +03:30:     at fh (D:\Git Repos\Cartable-UI\cartable-ui\cartable-ui\.next\standalone\.next\server\chunks\658.js:415:53397)
2025-12-15 15:34:48 +03:30:     at process.processTicksAndRejections (node:internal/process/task_queues:103:5)
2025-12-15 15:34:48 +03:30:     at async rM.do (D:\Git Repos\Cartable-UI\cartable-ui\cartable-ui\.next\standalone\node_modules\next\dist\compiled\next-server\app-route.runtime.prod.js:5:20152)
2025-12-15 15:34:48 +03:30: [31m[auth][error][0m MissingSecret: Please define a `secret`. Read more at https://errors.authjs.dev#missingsecret
2025-12-15 15:34:48 +03:30:     at D:\Git Repos\Cartable-UI\cartable-ui\cartable-ui\.next\standalone\.next\server\chunks\658.js:415:50806
2025-12-15 15:34:48 +03:30:     at fh (D:\Git Repos\Cartable-UI\cartable-ui\cartable-ui\.next\standalone\.next\server\chunks\658.js:415:53397)
2025-12-15 15:34:48 +03:30:     at process.processTicksAndRejections (node:internal/process/task_queues:103:5)
2025-12-15 15:34:48 +03:30:     at async rM.do (D:\Git Repos\Cartable-UI\cartable-ui\cartable-ui\.next\standalone\node_modules\next\dist\compiled\next-server\app-route.runtime.prod.js:5:20152)
2025-12-15 15:34:49 +03:30: [31m[auth][error][0m MissingSecret: Please define a `secret`. Read more at https://errors.authjs.dev#missingsecret
2025-12-15 15:34:49 +03:30:     at D:\Git Repos\Cartable-UI\cartable-ui\cartable-ui\.next\standalone\.next\server\middleware.js:418:51336
2025-12-15 15:34:49 +03:30:     at fB (D:\Git Repos\Cartable-UI\cartable-ui\cartable-ui\.next\standalone\.next\server\middleware.js:418:53936)
2025-12-15 15:34:49 +03:30:     at process.processTicksAndRejections (node:internal/process/task_queues:103:5)
2025-12-15 15:34:49 +03:30: [31m[auth][error][0m MissingSecret: Please define a `secret`. Read more at https://errors.authjs.dev#missingsecret
2025-12-15 15:34:49 +03:30:     at D:\Git Repos\Cartable-UI\cartable-ui\cartable-ui\.next\standalone\.next\server\chunks\658.js:415:50806
2025-12-15 15:34:49 +03:30:     at fh (D:\Git Repos\Cartable-UI\cartable-ui\cartable-ui\.next\standalone\.next\server\chunks\658.js:415:53397)
2025-12-15 15:34:49 +03:30:     at process.processTicksAndRejections (node:internal/process/task_queues:103:5)
2025-12-15 15:34:49 +03:30: [31m[auth][error][0m MissingSecret: Please define a `secret`. Read more at https://errors.authjs.dev#missingsecret
2025-12-15 15:34:49 +03:30:     at D:\Git Repos\Cartable-UI\cartable-ui\cartable-ui\.next\standalone\.next\server\middleware.js:418:51336
2025-12-15 15:34:49 +03:30:     at fB (D:\Git Repos\Cartable-UI\cartable-ui\cartable-ui\.next\standalone\.next\server\middleware.js:418:53936)
2025-12-15 15:34:49 +03:30:     at process.processTicksAndRejections (node:internal/process/task_queues:103:5)
2025-12-15 15:34:49 +03:30: [31m[auth][error][0m MissingSecret: Please define a `secret`. Read more at https://errors.authjs.dev#missingsecret
2025-12-15 15:34:49 +03:30:     at D:\Git Repos\Cartable-UI\cartable-ui\cartable-ui\.next\standalone\.next\server\chunks\658.js:415:50806
2025-12-15 15:34:49 +03:30:     at fh (D:\Git Repos\Cartable-UI\cartable-ui\cartable-ui\.next\standalone\.next\server\chunks\658.js:415:53397)
2025-12-15 15:34:49 +03:30:     at process.processTicksAndRejections (node:internal/process/task_queues:103:5)
2025-12-15 15:34:49 +03:30: [31m[auth][error][0m MissingSecret: Please define a `secret`. Read more at https://errors.authjs.dev#missingsecret
2025-12-15 15:34:49 +03:30:     at D:\Git Repos\Cartable-UI\cartable-ui\cartable-ui\.next\standalone\.next\server\chunks\658.js:415:50806
2025-12-15 15:34:49 +03:30:     at fh (D:\Git Repos\Cartable-UI\cartable-ui\cartable-ui\.next\standalone\.next\server\chunks\658.js:415:53397)
2025-12-15 15:34:49 +03:30:     at process.processTicksAndRejections (node:internal/process/task_queues:103:5)
2025-12-15 15:34:49 +03:30:     at async rM.do (D:\Git Repos\Cartable-UI\cartable-ui\cartable-ui\.next\standalone\node_modules\next\dist\compiled\next-server\app-route.runtime.prod.js:5:20152)
2025-12-15 15:34:50 +03:30: [31m[auth][error][0m MissingSecret: Please define a `secret`. Read more at https://errors.authjs.dev#missingsecret
2025-12-15 15:34:50 +03:30:     at D:\Git Repos\Cartable-UI\cartable-ui\cartable-ui\.next\standalone\.next\server\chunks\658.js:415:50806
2025-12-15 15:34:50 +03:30:     at fh (D:\Git Repos\Cartable-UI\cartable-ui\cartable-ui\.next\standalone\.next\server\chunks\658.js:415:53397)
2025-12-15 15:34:50 +03:30:     at process.processTicksAndRejections (node:internal/process/task_queues:103:5)
2025-12-15 15:34:50 +03:30:     at async rM.do (D:\Git Repos\Cartable-UI\cartable-ui\cartable-ui\.next\standalone\node_modules\next\dist\compiled\next-server\app-route.runtime.prod.js:5:20152)
2025-12-15 15:34:51 +03:30: [31m[auth][error][0m MissingSecret: Please define a `secret`. Read more at https://errors.authjs.dev#missingsecret
2025-12-15 15:34:51 +03:30:     at D:\Git Repos\Cartable-UI\cartable-ui\cartable-ui\.next\standalone\.next\server\middleware.js:418:51336
2025-12-15 15:34:51 +03:30:     at fB (D:\Git Repos\Cartable-UI\cartable-ui\cartable-ui\.next\standalone\.next\server\middleware.js:418:53936)
2025-12-15 15:34:51 +03:30:     at process.processTicksAndRejections (node:internal/process/task_queues:103:5)
2025-12-15 15:34:51 +03:30: [31m[auth][error][0m MissingSecret: Please define a `secret`. Read more at https://errors.authjs.dev#missingsecret
2025-12-15 15:34:51 +03:30:     at D:\Git Repos\Cartable-UI\cartable-ui\cartable-ui\.next\standalone\.next\server\chunks\658.js:415:50806
2025-12-15 15:34:51 +03:30:     at fh (D:\Git Repos\Cartable-UI\cartable-ui\cartable-ui\.next\standalone\.next\server\chunks\658.js:415:53397)
2025-12-15 15:34:51 +03:30:     at process.processTicksAndRejections (node:internal/process/task_queues:103:5)
2025-12-15 15:34:52 +03:30: [31m[auth][error][0m MissingSecret: Please define a `secret`. Read more at https://errors.authjs.dev#missingsecret
2025-12-15 15:34:52 +03:30:     at D:\Git Repos\Cartable-UI\cartable-ui\cartable-ui\.next\standalone\.next\server\middleware.js:418:51336
2025-12-15 15:34:52 +03:30:     at fB (D:\Git Repos\Cartable-UI\cartable-ui\cartable-ui\.next\standalone\.next\server\middleware.js:418:53936)
2025-12-15 15:34:52 +03:30:     at process.processTicksAndRejections (node:internal/process/task_queues:103:5)
2025-12-15 15:34:52 +03:30: [31m[auth][error][0m MissingSecret: Please define a `secret`. Read more at https://errors.authjs.dev#missingsecret
2025-12-15 15:34:52 +03:30:     at D:\Git Repos\Cartable-UI\cartable-ui\cartable-ui\.next\standalone\.next\server\chunks\658.js:415:50806
2025-12-15 15:34:52 +03:30:     at fh (D:\Git Repos\Cartable-UI\cartable-ui\cartable-ui\.next\standalone\.next\server\chunks\658.js:415:53397)
2025-12-15 15:34:52 +03:30:     at process.processTicksAndRejections (node:internal/process/task_queues:103:5)
2025-12-15 15:34:52 +03:30: [31m[auth][error][0m MissingSecret: Please define a `secret`. Read more at https://errors.authjs.dev#missingsecret
2025-12-15 15:34:52 +03:30:     at D:\Git Repos\Cartable-UI\cartable-ui\cartable-ui\.next\standalone\.next\server\chunks\658.js:415:50806
2025-12-15 15:34:52 +03:30:     at fh (D:\Git Repos\Cartable-UI\cartable-ui\cartable-ui\.next\standalone\.next\server\chunks\658.js:415:53397)
2025-12-15 15:34:52 +03:30:     at process.processTicksAndRejections (node:internal/process/task_queues:103:5)
2025-12-15 15:34:52 +03:30:     at async rM.do (D:\Git Repos\Cartable-UI\cartable-ui\cartable-ui\.next\standalone\node_modules\next\dist\compiled\next-server\app-route.runtime.prod.js:5:20152)
2025-12-15 15:34:52 +03:30: [31m[auth][error][0m MissingSecret: Please define a `secret`. Read more at https://errors.authjs.dev#missingsecret
2025-12-15 15:34:52 +03:30:     at D:\Git Repos\Cartable-UI\cartable-ui\cartable-ui\.next\standalone\.next\server\chunks\658.js:415:50806
2025-12-15 15:34:52 +03:30:     at fh (D:\Git Repos\Cartable-UI\cartable-ui\cartable-ui\.next\standalone\.next\server\chunks\658.js:415:53397)
2025-12-15 15:34:52 +03:30:     at process.processTicksAndRejections (node:internal/process/task_queues:103:5)
2025-12-15 15:34:52 +03:30:     at async rM.do (D:\Git Repos\Cartable-UI\cartable-ui\cartable-ui\.next\standalone\node_modules\next\dist\compiled\next-server\app-route.runtime.prod.js:5:20152)
2025-12-15 15:34:53 +03:30: [31m[auth][error][0m MissingSecret: Please define a `secret`. Read more at https://errors.authjs.dev#missingsecret
2025-12-15 15:34:53 +03:30:     at D:\Git Repos\Cartable-UI\cartable-ui\cartable-ui\.next\standalone\.next\server\chunks\658.js:415:50806
2025-12-15 15:34:53 +03:30:     at fh (D:\Git Repos\Cartable-UI\cartable-ui\cartable-ui\.next\standalone\.next\server\chunks\658.js:415:53397)
2025-12-15 15:34:53 +03:30:     at process.processTicksAndRejections (node:internal/process/task_queues:103:5)
2025-12-15 15:34:53 +03:30:     at async rM.do (D:\Git Repos\Cartable-UI\cartable-ui\cartable-ui\.next\standalone\node_modules\next\dist\compiled\next-server\app-route.runtime.prod.js:5:20152)
2025-12-15 15:34:53 +03:30: [31m[auth][error][0m MissingSecret: Please define a `secret`. Read more at https://errors.authjs.dev#missingsecret
2025-12-15 15:34:53 +03:30:     at D:\Git Repos\Cartable-UI\cartable-ui\cartable-ui\.next\standalone\.next\server\chunks\658.js:415:50806
2025-12-15 15:34:53 +03:30:     at fh (D:\Git Repos\Cartable-UI\cartable-ui\cartable-ui\.next\standalone\.next\server\chunks\658.js:415:53397)
2025-12-15 15:34:53 +03:30:     at process.processTicksAndRejections (node:internal/process/task_queues:103:5)
2025-12-15 15:34:53 +03:30:     at async rM.do (D:\Git Repos\Cartable-UI\cartable-ui\cartable-ui\.next\standalone\node_modules\next\dist\compiled\next-server\app-route.runtime.prod.js:5:20152)
2025-12-15 15:35:06 +03:30: [31m[auth][error][0m MissingSecret: Please define a `secret`. Read more at https://errors.authjs.dev#missingsecret
2025-12-15 15:35:06 +03:30:     at D:\Git Repos\Cartable-UI\cartable-ui\cartable-ui\.next\standalone\.next\server\middleware.js:418:51336
2025-12-15 15:35:06 +03:30:     at fB (D:\Git Repos\Cartable-UI\cartable-ui\cartable-ui\.next\standalone\.next\server\middleware.js:418:53936)
2025-12-15 15:35:06 +03:30:     at process.processTicksAndRejections (node:internal/process/task_queues:103:5)
2025-12-15 15:35:06 +03:30: [31m[auth][error][0m MissingSecret: Please define a `secret`. Read more at https://errors.authjs.dev#missingsecret
2025-12-15 15:35:06 +03:30:     at D:\Git Repos\Cartable-UI\cartable-ui\cartable-ui\.next\standalone\.next\server\chunks\658.js:415:50806
2025-12-15 15:35:06 +03:30:     at fh (D:\Git Repos\Cartable-UI\cartable-ui\cartable-ui\.next\standalone\.next\server\chunks\658.js:415:53397)
2025-12-15 15:35:06 +03:30:     at process.processTicksAndRejections (node:internal/process/task_queues:103:5)
2025-12-15 15:35:06 +03:30: [31m[auth][error][0m MissingSecret: Please define a `secret`. Read more at https://errors.authjs.dev#missingsecret
2025-12-15 15:35:06 +03:30:     at D:\Git Repos\Cartable-UI\cartable-ui\cartable-ui\.next\standalone\.next\server\chunks\658.js:415:50806
2025-12-15 15:35:06 +03:30:     at fh (D:\Git Repos\Cartable-UI\cartable-ui\cartable-ui\.next\standalone\.next\server\chunks\658.js:415:53397)
2025-12-15 15:35:06 +03:30:     at process.processTicksAndRejections (node:internal/process/task_queues:103:5)
2025-12-15 15:35:06 +03:30:     at async rM.do (D:\Git Repos\Cartable-UI\cartable-ui\cartable-ui\.next\standalone\node_modules\next\dist\compiled\next-server\app-route.runtime.prod.js:5:20152)
2025-12-15 15:35:06 +03:30: [31m[auth][error][0m MissingSecret: Please define a `secret`. Read more at https://errors.authjs.dev#missingsecret
2025-12-15 15:35:06 +03:30:     at D:\Git Repos\Cartable-UI\cartable-ui\cartable-ui\.next\standalone\.next\server\middleware.js:418:51336
2025-12-15 15:35:06 +03:30:     at fB (D:\Git Repos\Cartable-UI\cartable-ui\cartable-ui\.next\standalone\.next\server\middleware.js:418:53936)
2025-12-15 15:35:06 +03:30:     at process.processTicksAndRejections (node:internal/process/task_queues:103:5)
2025-12-15 15:35:06 +03:30: [31m[auth][error][0m MissingSecret: Please define a `secret`. Read more at https://errors.authjs.dev#missingsecret
2025-12-15 15:35:06 +03:30:     at D:\Git Repos\Cartable-UI\cartable-ui\cartable-ui\.next\standalone\.next\server\chunks\658.js:415:50806
2025-12-15 15:35:06 +03:30:     at fh (D:\Git Repos\Cartable-UI\cartable-ui\cartable-ui\.next\standalone\.next\server\chunks\658.js:415:53397)
2025-12-15 15:35:06 +03:30:     at process.processTicksAndRejections (node:internal/process/task_queues:103:5)
2025-12-15 15:35:06 +03:30: [31m[auth][error][0m MissingSecret: Please define a `secret`. Read more at https://errors.authjs.dev#missingsecret
2025-12-15 15:35:06 +03:30:     at D:\Git Repos\Cartable-UI\cartable-ui\cartable-ui\.next\standalone\.next\server\chunks\658.js:415:50806
2025-12-15 15:35:06 +03:30:     at fh (D:\Git Repos\Cartable-UI\cartable-ui\cartable-ui\.next\standalone\.next\server\chunks\658.js:415:53397)
2025-12-15 15:35:06 +03:30:     at process.processTicksAndRejections (node:internal/process/task_queues:103:5)
2025-12-15 15:35:06 +03:30:     at async rM.do (D:\Git Repos\Cartable-UI\cartable-ui\cartable-ui\.next\standalone\node_modules\next\dist\compiled\next-server\app-route.runtime.prod.js:5:20152)
2025-12-15 15:35:08 +03:30: [31m[auth][error][0m MissingSecret: Please define a `secret`. Read more at https://errors.authjs.dev#missingsecret
2025-12-15 15:35:08 +03:30:     at D:\Git Repos\Cartable-UI\cartable-ui\cartable-ui\.next\standalone\.next\server\middleware.js:418:51336
2025-12-15 15:35:08 +03:30:     at fB (D:\Git Repos\Cartable-UI\cartable-ui\cartable-ui\.next\standalone\.next\server\middleware.js:418:53936)
2025-12-15 15:35:08 +03:30:     at process.processTicksAndRejections (node:internal/process/task_queues:103:5)
2025-12-15 15:35:08 +03:30: [31m[auth][error][0m MissingSecret: Please define a `secret`. Read more at https://errors.authjs.dev#missingsecret
2025-12-15 15:35:08 +03:30:     at D:\Git Repos\Cartable-UI\cartable-ui\cartable-ui\.next\standalone\.next\server\chunks\658.js:415:50806
2025-12-15 15:35:08 +03:30:     at fh (D:\Git Repos\Cartable-UI\cartable-ui\cartable-ui\.next\standalone\.next\server\chunks\658.js:415:53397)
2025-12-15 15:35:08 +03:30:     at process.processTicksAndRejections (node:internal/process/task_queues:103:5)
2025-12-15 15:35:08 +03:30: [31m[auth][error][0m MissingSecret: Please define a `secret`. Read more at https://errors.authjs.dev#missingsecret
2025-12-15 15:35:08 +03:30:     at D:\Git Repos\Cartable-UI\cartable-ui\cartable-ui\.next\standalone\.next\server\chunks\658.js:415:50806
2025-12-15 15:35:08 +03:30:     at fh (D:\Git Repos\Cartable-UI\cartable-ui\cartable-ui\.next\standalone\.next\server\chunks\658.js:415:53397)
2025-12-15 15:35:08 +03:30:     at process.processTicksAndRejections (node:internal/process/task_queues:103:5)
2025-12-15 15:35:08 +03:30:     at async rM.do (D:\Git Repos\Cartable-UI\cartable-ui\cartable-ui\.next\standalone\node_modules\next\dist\compiled\next-server\app-route.runtime.prod.js:5:20152)
2025-12-15 15:35:08 +03:30: [31m[auth][error][0m MissingSecret: Please define a `secret`. Read more at https://errors.authjs.dev#missingsecret
2025-12-15 15:35:08 +03:30:     at D:\Git Repos\Cartable-UI\cartable-ui\cartable-ui\.next\standalone\.next\server\middleware.js:418:51336
2025-12-15 15:35:08 +03:30:     at fB (D:\Git Repos\Cartable-UI\cartable-ui\cartable-ui\.next\standalone\.next\server\middleware.js:418:53936)
2025-12-15 15:35:08 +03:30:     at process.processTicksAndRejections (node:internal/process/task_queues:103:5)
2025-12-15 15:35:08 +03:30: [31m[auth][error][0m MissingSecret: Please define a `secret`. Read more at https://errors.authjs.dev#missingsecret
2025-12-15 15:35:08 +03:30:     at D:\Git Repos\Cartable-UI\cartable-ui\cartable-ui\.next\standalone\.next\server\chunks\658.js:415:50806
2025-12-15 15:35:08 +03:30:     at fh (D:\Git Repos\Cartable-UI\cartable-ui\cartable-ui\.next\standalone\.next\server\chunks\658.js:415:53397)
2025-12-15 15:35:08 +03:30:     at process.processTicksAndRejections (node:internal/process/task_queues:103:5)
2025-12-15 15:35:08 +03:30: [31m[auth][error][0m MissingSecret: Please define a `secret`. Read more at https://errors.authjs.dev#missingsecret
2025-12-15 15:35:08 +03:30:     at D:\Git Repos\Cartable-UI\cartable-ui\cartable-ui\.next\standalone\.next\server\chunks\658.js:415:50806
2025-12-15 15:35:08 +03:30:     at fh (D:\Git Repos\Cartable-UI\cartable-ui\cartable-ui\.next\standalone\.next\server\chunks\658.js:415:53397)
2025-12-15 15:35:08 +03:30:     at process.processTicksAndRejections (node:internal/process/task_queues:103:5)
2025-12-15 15:35:08 +03:30:     at async rM.do (D:\Git Repos\Cartable-UI\cartable-ui\cartable-ui\.next\standalone\node_modules\next\dist\compiled\next-server\app-route.runtime.prod.js:5:20152)
2025-12-15 15:35:10 +03:30: [31m[auth][error][0m MissingSecret: Please define a `secret`. Read more at https://errors.authjs.dev#missingsecret
2025-12-15 15:35:10 +03:30:     at D:\Git Repos\Cartable-UI\cartable-ui\cartable-ui\.next\standalone\.next\server\chunks\658.js:415:50806
2025-12-15 15:35:10 +03:30:     at fh (D:\Git Repos\Cartable-UI\cartable-ui\cartable-ui\.next\standalone\.next\server\chunks\658.js:415:53397)
2025-12-15 15:35:10 +03:30:     at process.processTicksAndRejections (node:internal/process/task_queues:103:5)
2025-12-15 15:35:10 +03:30:     at async rM.do (D:\Git Repos\Cartable-UI\cartable-ui\cartable-ui\.next\standalone\node_modules\next\dist\compiled\next-server\app-route.runtime.prod.js:5:20152)
2025-12-15 15:35:10 +03:30: [31m[auth][error][0m MissingSecret: Please define a `secret`. Read more at https://errors.authjs.dev#missingsecret
2025-12-15 15:35:10 +03:30:     at D:\Git Repos\Cartable-UI\cartable-ui\cartable-ui\.next\standalone\.next\server\chunks\658.js:415:50806
2025-12-15 15:35:10 +03:30:     at fh (D:\Git Repos\Cartable-UI\cartable-ui\cartable-ui\.next\standalone\.next\server\chunks\658.js:415:53397)
2025-12-15 15:35:10 +03:30:     at process.processTicksAndRejections (node:internal/process/task_queues:103:5)
2025-12-15 15:35:10 +03:30:     at async rM.do (D:\Git Repos\Cartable-UI\cartable-ui\cartable-ui\.next\standalone\node_modules\next\dist\compiled\next-server\app-route.runtime.prod.js:5:20152)
2025-12-15 15:35:14 +03:30: [31m[auth][error][0m MissingSecret: Please define a `secret`. Read more at https://errors.authjs.dev#missingsecret
2025-12-15 15:35:14 +03:30:     at D:\Git Repos\Cartable-UI\cartable-ui\cartable-ui\.next\standalone\.next\server\middleware.js:418:51336
2025-12-15 15:35:14 +03:30:     at fB (D:\Git Repos\Cartable-UI\cartable-ui\cartable-ui\.next\standalone\.next\server\middleware.js:418:53936)
2025-12-15 15:35:14 +03:30:     at process.processTicksAndRejections (node:internal/process/task_queues:103:5)
2025-12-15 15:35:14 +03:30: [31m[auth][error][0m MissingSecret: Please define a `secret`. Read more at https://errors.authjs.dev#missingsecret
2025-12-15 15:35:14 +03:30:     at D:\Git Repos\Cartable-UI\cartable-ui\cartable-ui\.next\standalone\.next\server\chunks\658.js:415:50806
2025-12-15 15:35:14 +03:30:     at fh (D:\Git Repos\Cartable-UI\cartable-ui\cartable-ui\.next\standalone\.next\server\chunks\658.js:415:53397)
2025-12-15 15:35:14 +03:30:     at process.processTicksAndRejections (node:internal/process/task_queues:103:5)
2025-12-15 15:35:14 +03:30: [31m[auth][error][0m MissingSecret: Please define a `secret`. Read more at https://errors.authjs.dev#missingsecret
2025-12-15 15:35:14 +03:30:     at D:\Git Repos\Cartable-UI\cartable-ui\cartable-ui\.next\standalone\.next\server\middleware.js:418:51336
2025-12-15 15:35:14 +03:30:     at fB (D:\Git Repos\Cartable-UI\cartable-ui\cartable-ui\.next\standalone\.next\server\middleware.js:418:53936)
2025-12-15 15:35:14 +03:30:     at process.processTicksAndRejections (node:internal/process/task_queues:103:5)
2025-12-15 15:35:14 +03:30: [31m[auth][error][0m MissingSecret: Please define a `secret`. Read more at https://errors.authjs.dev#missingsecret
2025-12-15 15:35:14 +03:30:     at D:\Git Repos\Cartable-UI\cartable-ui\cartable-ui\.next\standalone\.next\server\chunks\658.js:415:50806
2025-12-15 15:35:14 +03:30:     at fh (D:\Git Repos\Cartable-UI\cartable-ui\cartable-ui\.next\standalone\.next\server\chunks\658.js:415:53397)
2025-12-15 15:35:14 +03:30:     at process.processTicksAndRejections (node:internal/process/task_queues:103:5)
2025-12-15 15:35:14 +03:30: [31m[auth][error][0m MissingSecret: Please define a `secret`. Read more at https://errors.authjs.dev#missingsecret
2025-12-15 15:35:14 +03:30:     at D:\Git Repos\Cartable-UI\cartable-ui\cartable-ui\.next\standalone\.next\server\chunks\658.js:415:50806
2025-12-15 15:35:14 +03:30:     at fh (D:\Git Repos\Cartable-UI\cartable-ui\cartable-ui\.next\standalone\.next\server\chunks\658.js:415:53397)
2025-12-15 15:35:14 +03:30:     at process.processTicksAndRejections (node:internal/process/task_queues:103:5)
2025-12-15 15:35:14 +03:30:     at async rM.do (D:\Git Repos\Cartable-UI\cartable-ui\cartable-ui\.next\standalone\node_modules\next\dist\compiled\next-server\app-route.runtime.prod.js:5:20152)
2025-12-15 15:35:14 +03:30: [31m[auth][error][0m MissingSecret: Please define a `secret`. Read more at https://errors.authjs.dev#missingsecret
2025-12-15 15:35:14 +03:30:     at D:\Git Repos\Cartable-UI\cartable-ui\cartable-ui\.next\standalone\.next\server\chunks\658.js:415:50806
2025-12-15 15:35:14 +03:30:     at fh (D:\Git Repos\Cartable-UI\cartable-ui\cartable-ui\.next\standalone\.next\server\chunks\658.js:415:53397)
2025-12-15 15:35:14 +03:30:     at process.processTicksAndRejections (node:internal/process/task_queues:103:5)
2025-12-15 15:35:14 +03:30:     at async rM.do (D:\Git Repos\Cartable-UI\cartable-ui\cartable-ui\.next\standalone\node_modules\next\dist\compiled\next-server\app-route.runtime.prod.js:5:20152)
2025-12-15 15:35:15 +03:30: [31m[auth][error][0m MissingSecret: Please define a `secret`. Read more at https://errors.authjs.dev#missingsecret
2025-12-15 15:35:15 +03:30:     at D:\Git Repos\Cartable-UI\cartable-ui\cartable-ui\.next\standalone\.next\server\middleware.js:418:51336
2025-12-15 15:35:15 +03:30:     at fB (D:\Git Repos\Cartable-UI\cartable-ui\cartable-ui\.next\standalone\.next\server\middleware.js:418:53936)
2025-12-15 15:35:15 +03:30:     at process.processTicksAndRejections (node:internal/process/task_queues:103:5)
2025-12-15 15:35:15 +03:30: [31m[auth][error][0m MissingSecret: Please define a `secret`. Read more at https://errors.authjs.dev#missingsecret
2025-12-15 15:35:15 +03:30:     at D:\Git Repos\Cartable-UI\cartable-ui\cartable-ui\.next\standalone\.next\server\chunks\658.js:415:50806
2025-12-15 15:35:15 +03:30:     at fh (D:\Git Repos\Cartable-UI\cartable-ui\cartable-ui\.next\standalone\.next\server\chunks\658.js:415:53397)
2025-12-15 15:35:15 +03:30:     at process.processTicksAndRejections (node:internal/process/task_queues:103:5)
2025-12-15 15:35:15 +03:30: [31m[auth][error][0m MissingSecret: Please define a `secret`. Read more at https://errors.authjs.dev#missingsecret
2025-12-15 15:35:15 +03:30:     at D:\Git Repos\Cartable-UI\cartable-ui\cartable-ui\.next\standalone\.next\server\middleware.js:418:51336
2025-12-15 15:35:15 +03:30:     at fB (D:\Git Repos\Cartable-UI\cartable-ui\cartable-ui\.next\standalone\.next\server\middleware.js:418:53936)
2025-12-15 15:35:15 +03:30:     at process.processTicksAndRejections (node:internal/process/task_queues:103:5)
2025-12-15 15:35:15 +03:30: [31m[auth][error][0m MissingSecret: Please define a `secret`. Read more at https://errors.authjs.dev#missingsecret
2025-12-15 15:35:15 +03:30:     at D:\Git Repos\Cartable-UI\cartable-ui\cartable-ui\.next\standalone\.next\server\chunks\658.js:415:50806
2025-12-15 15:35:15 +03:30:     at fh (D:\Git Repos\Cartable-UI\cartable-ui\cartable-ui\.next\standalone\.next\server\chunks\658.js:415:53397)
2025-12-15 15:35:15 +03:30:     at process.processTicksAndRejections (node:internal/process/task_queues:103:5)
2025-12-15 15:35:15 +03:30: [31m[auth][error][0m MissingSecret: Please define a `secret`. Read more at https://errors.authjs.dev#missingsecret
2025-12-15 15:35:15 +03:30:     at D:\Git Repos\Cartable-UI\cartable-ui\cartable-ui\.next\standalone\.next\server\chunks\658.js:415:50806
2025-12-15 15:35:15 +03:30:     at fh (D:\Git Repos\Cartable-UI\cartable-ui\cartable-ui\.next\standalone\.next\server\chunks\658.js:415:53397)
2025-12-15 15:35:15 +03:30:     at process.processTicksAndRejections (node:internal/process/task_queues:103:5)
2025-12-15 15:35:15 +03:30:     at async rM.do (D:\Git Repos\Cartable-UI\cartable-ui\cartable-ui\.next\standalone\node_modules\next\dist\compiled\next-server\app-route.runtime.prod.js:5:20152)
2025-12-15 15:35:15 +03:30: [31m[auth][error][0m MissingSecret: Please define a `secret`. Read more at https://errors.authjs.dev#missingsecret
2025-12-15 15:35:15 +03:30:     at D:\Git Repos\Cartable-UI\cartable-ui\cartable-ui\.next\standalone\.next\server\chunks\658.js:415:50806
2025-12-15 15:35:15 +03:30:     at fh (D:\Git Repos\Cartable-UI\cartable-ui\cartable-ui\.next\standalone\.next\server\chunks\658.js:415:53397)
2025-12-15 15:35:15 +03:30:     at process.processTicksAndRejections (node:internal/process/task_queues:103:5)
2025-12-15 15:35:15 +03:30:     at async rM.do (D:\Git Repos\Cartable-UI\cartable-ui\cartable-ui\.next\standalone\node_modules\next\dist\compiled\next-server\app-route.runtime.prod.js:5:20152)
2025-12-15 15:38:19 +03:30: [31m[auth][error][0m MissingSecret: Please define a `secret`. Read more at https://errors.authjs.dev#missingsecret
2025-12-15 15:38:19 +03:30:     at D:\Git Repos\Cartable-UI\cartable-ui\cartable-ui\.next\standalone\.next\server\middleware.js:418:51336
2025-12-15 15:38:19 +03:30:     at fB (D:\Git Repos\Cartable-UI\cartable-ui\cartable-ui\.next\standalone\.next\server\middleware.js:418:53936)
2025-12-15 15:38:19 +03:30:     at process.processTicksAndRejections (node:internal/process/task_queues:103:5)
2025-12-15 15:38:19 +03:30: [31m[auth][error][0m MissingSecret: Please define a `secret`. Read more at https://errors.authjs.dev#missingsecret
2025-12-15 15:38:19 +03:30:     at D:\Git Repos\Cartable-UI\cartable-ui\cartable-ui\.next\standalone\.next\server\chunks\658.js:415:50806
2025-12-15 15:38:19 +03:30:     at fh (D:\Git Repos\Cartable-UI\cartable-ui\cartable-ui\.next\standalone\.next\server\chunks\658.js:415:53397)
2025-12-15 15:38:19 +03:30:     at process.processTicksAndRejections (node:internal/process/task_queues:103:5)
2025-12-15 15:38:20 +03:30: [31m[auth][error][0m MissingSecret: Please define a `secret`. Read more at https://errors.authjs.dev#missingsecret
2025-12-15 15:38:20 +03:30:     at D:\Git Repos\Cartable-UI\cartable-ui\cartable-ui\.next\standalone\.next\server\middleware.js:418:51336
2025-12-15 15:38:20 +03:30:     at fB (D:\Git Repos\Cartable-UI\cartable-ui\cartable-ui\.next\standalone\.next\server\middleware.js:418:53936)
2025-12-15 15:38:20 +03:30:     at process.processTicksAndRejections (node:internal/process/task_queues:103:5)
2025-12-15 15:38:20 +03:30: [31m[auth][error][0m MissingSecret: Please define a `secret`. Read more at https://errors.authjs.dev#missingsecret
2025-12-15 15:38:20 +03:30:     at D:\Git Repos\Cartable-UI\cartable-ui\cartable-ui\.next\standalone\.next\server\chunks\658.js:415:50806
2025-12-15 15:38:20 +03:30:     at fh (D:\Git Repos\Cartable-UI\cartable-ui\cartable-ui\.next\standalone\.next\server\chunks\658.js:415:53397)
2025-12-15 15:38:20 +03:30:     at process.processTicksAndRejections (node:internal/process/task_queues:103:5)
2025-12-15 15:38:20 +03:30: [31m[auth][error][0m MissingSecret: Please define a `secret`. Read more at https://errors.authjs.dev#missingsecret
2025-12-15 15:38:20 +03:30:     at D:\Git Repos\Cartable-UI\cartable-ui\cartable-ui\.next\standalone\.next\server\chunks\658.js:415:50806
2025-12-15 15:38:20 +03:30:     at fh (D:\Git Repos\Cartable-UI\cartable-ui\cartable-ui\.next\standalone\.next\server\chunks\658.js:415:53397)
2025-12-15 15:38:20 +03:30:     at process.processTicksAndRejections (node:internal/process/task_queues:103:5)
2025-12-15 15:38:20 +03:30:     at async rM.do (D:\Git Repos\Cartable-UI\cartable-ui\cartable-ui\.next\standalone\node_modules\next\dist\compiled\next-server\app-route.runtime.prod.js:5:20152)
2025-12-15 15:38:20 +03:30: [31m[auth][error][0m MissingSecret: Please define a `secret`. Read more at https://errors.authjs.dev#missingsecret
2025-12-15 15:38:20 +03:30:     at D:\Git Repos\Cartable-UI\cartable-ui\cartable-ui\.next\standalone\.next\server\chunks\658.js:415:50806
2025-12-15 15:38:20 +03:30:     at fh (D:\Git Repos\Cartable-UI\cartable-ui\cartable-ui\.next\standalone\.next\server\chunks\658.js:415:53397)
2025-12-15 15:38:20 +03:30:     at process.processTicksAndRejections (node:internal/process/task_queues:103:5)
2025-12-15 15:38:20 +03:30:     at async rM.do (D:\Git Repos\Cartable-UI\cartable-ui\cartable-ui\.next\standalone\node_modules\next\dist\compiled\next-server\app-route.runtime.prod.js:5:20152)
2025-12-15 15:38:21 +03:30: [31m[auth][error][0m MissingSecret: Please define a `secret`. Read more at https://errors.authjs.dev#missingsecret
2025-12-15 15:38:21 +03:30:     at D:\Git Repos\Cartable-UI\cartable-ui\cartable-ui\.next\standalone\.next\server\chunks\658.js:415:50806
2025-12-15 15:38:21 +03:30:     at fh (D:\Git Repos\Cartable-UI\cartable-ui\cartable-ui\.next\standalone\.next\server\chunks\658.js:415:53397)
2025-12-15 15:38:21 +03:30:     at process.processTicksAndRejections (node:internal/process/task_queues:103:5)
2025-12-15 15:38:21 +03:30:     at async rM.do (D:\Git Repos\Cartable-UI\cartable-ui\cartable-ui\.next\standalone\node_modules\next\dist\compiled\next-server\app-route.runtime.prod.js:5:20152)
2025-12-15 15:38:21 +03:30: [31m[auth][error][0m MissingSecret: Please define a `secret`. Read more at https://errors.authjs.dev#missingsecret
2025-12-15 15:38:21 +03:30:     at D:\Git Repos\Cartable-UI\cartable-ui\cartable-ui\.next\standalone\.next\server\chunks\658.js:415:50806
2025-12-15 15:38:21 +03:30:     at fh (D:\Git Repos\Cartable-UI\cartable-ui\cartable-ui\.next\standalone\.next\server\chunks\658.js:415:53397)
2025-12-15 15:38:21 +03:30:     at process.processTicksAndRejections (node:internal/process/task_queues:103:5)
2025-12-15 15:38:21 +03:30:     at async rM.do (D:\Git Repos\Cartable-UI\cartable-ui\cartable-ui\.next\standalone\node_modules\next\dist\compiled\next-server\app-route.runtime.prod.js:5:20152)
2025-12-15 15:39:20 +03:30: [31m[auth][error][0m MissingSecret: Please define a `secret`. Read more at https://errors.authjs.dev#missingsecret
2025-12-15 15:39:20 +03:30:     at D:\Git Repos\Cartable-UI\cartable-ui\cartable-ui\.next\standalone\.next\server\middleware.js:418:51336
2025-12-15 15:39:20 +03:30:     at fB (D:\Git Repos\Cartable-UI\cartable-ui\cartable-ui\.next\standalone\.next\server\middleware.js:418:53936)
2025-12-15 15:39:20 +03:30:     at process.processTicksAndRejections (node:internal/process/task_queues:103:5)
2025-12-15 15:39:20 +03:30: [31m[auth][error][0m MissingSecret: Please define a `secret`. Read more at https://errors.authjs.dev#missingsecret
2025-12-15 15:39:20 +03:30:     at D:\Git Repos\Cartable-UI\cartable-ui\cartable-ui\.next\standalone\.next\server\chunks\658.js:415:50806
2025-12-15 15:39:20 +03:30:     at fh (D:\Git Repos\Cartable-UI\cartable-ui\cartable-ui\.next\standalone\.next\server\chunks\658.js:415:53397)
2025-12-15 15:39:20 +03:30:     at process.processTicksAndRejections (node:internal/process/task_queues:103:5)
2025-12-15 15:39:21 +03:30: [31m[auth][error][0m MissingSecret: Please define a `secret`. Read more at https://errors.authjs.dev#missingsecret
2025-12-15 15:39:21 +03:30:     at D:\Git Repos\Cartable-UI\cartable-ui\cartable-ui\.next\standalone\.next\server\chunks\658.js:415:50806
2025-12-15 15:39:21 +03:30:     at fh (D:\Git Repos\Cartable-UI\cartable-ui\cartable-ui\.next\standalone\.next\server\chunks\658.js:415:53397)
2025-12-15 15:39:21 +03:30:     at process.processTicksAndRejections (node:internal/process/task_queues:103:5)
2025-12-15 15:39:21 +03:30:     at async rM.do (D:\Git Repos\Cartable-UI\cartable-ui\cartable-ui\.next\standalone\node_modules\next\dist\compiled\next-server\app-route.runtime.prod.js:5:20152)
2025-12-15 15:39:21 +03:30: [31m[auth][error][0m MissingSecret: Please define a `secret`. Read more at https://errors.authjs.dev#missingsecret
2025-12-15 15:39:21 +03:30:     at D:\Git Repos\Cartable-UI\cartable-ui\cartable-ui\.next\standalone\.next\server\middleware.js:418:51336
2025-12-15 15:39:21 +03:30:     at fB (D:\Git Repos\Cartable-UI\cartable-ui\cartable-ui\.next\standalone\.next\server\middleware.js:418:53936)
2025-12-15 15:39:21 +03:30:     at process.processTicksAndRejections (node:internal/process/task_queues:103:5)
2025-12-15 15:39:21 +03:30: [31m[auth][error][0m MissingSecret: Please define a `secret`. Read more at https://errors.authjs.dev#missingsecret
2025-12-15 15:39:21 +03:30:     at D:\Git Repos\Cartable-UI\cartable-ui\cartable-ui\.next\standalone\.next\server\chunks\658.js:415:50806
2025-12-15 15:39:21 +03:30:     at fh (D:\Git Repos\Cartable-UI\cartable-ui\cartable-ui\.next\standalone\.next\server\chunks\658.js:415:53397)
2025-12-15 15:39:21 +03:30:     at process.processTicksAndRejections (node:internal/process/task_queues:103:5)
2025-12-15 15:39:21 +03:30: [31m[auth][error][0m MissingSecret: Please define a `secret`. Read more at https://errors.authjs.dev#missingsecret
2025-12-15 15:39:21 +03:30:     at D:\Git Repos\Cartable-UI\cartable-ui\cartable-ui\.next\standalone\.next\server\chunks\658.js:415:50806
2025-12-15 15:39:21 +03:30:     at fh (D:\Git Repos\Cartable-UI\cartable-ui\cartable-ui\.next\standalone\.next\server\chunks\658.js:415:53397)
2025-12-15 15:39:21 +03:30:     at process.processTicksAndRejections (node:internal/process/task_queues:103:5)
2025-12-15 15:39:21 +03:30:     at async rM.do (D:\Git Repos\Cartable-UI\cartable-ui\cartable-ui\.next\standalone\node_modules\next\dist\compiled\next-server\app-route.runtime.prod.js:5:20152)
2025-12-15 15:39:23 +03:30: [31m[auth][error][0m MissingSecret: Please define a `secret`. Read more at https://errors.authjs.dev#missingsecret
2025-12-15 15:39:23 +03:30:     at D:\Git Repos\Cartable-UI\cartable-ui\cartable-ui\.next\standalone\.next\server\middleware.js:418:51336
2025-12-15 15:39:23 +03:30:     at fB (D:\Git Repos\Cartable-UI\cartable-ui\cartable-ui\.next\standalone\.next\server\middleware.js:418:53936)
2025-12-15 15:39:23 +03:30:     at process.processTicksAndRejections (node:internal/process/task_queues:103:5)
2025-12-15 15:39:23 +03:30: [31m[auth][error][0m MissingSecret: Please define a `secret`. Read more at https://errors.authjs.dev#missingsecret
2025-12-15 15:39:23 +03:30:     at D:\Git Repos\Cartable-UI\cartable-ui\cartable-ui\.next\standalone\.next\server\chunks\658.js:415:50806
2025-12-15 15:39:23 +03:30:     at fh (D:\Git Repos\Cartable-UI\cartable-ui\cartable-ui\.next\standalone\.next\server\chunks\658.js:415:53397)
2025-12-15 15:39:23 +03:30:     at process.processTicksAndRejections (node:internal/process/task_queues:103:5)
2025-12-15 15:39:24 +03:30: [31m[auth][error][0m MissingSecret: Please define a `secret`. Read more at https://errors.authjs.dev#missingsecret
2025-12-15 15:39:24 +03:30:     at D:\Git Repos\Cartable-UI\cartable-ui\cartable-ui\.next\standalone\.next\server\chunks\658.js:415:50806
2025-12-15 15:39:24 +03:30:     at fh (D:\Git Repos\Cartable-UI\cartable-ui\cartable-ui\.next\standalone\.next\server\chunks\658.js:415:53397)
2025-12-15 15:39:24 +03:30:     at process.processTicksAndRejections (node:internal/process/task_queues:103:5)
2025-12-15 15:39:24 +03:30:     at async rM.do (D:\Git Repos\Cartable-UI\cartable-ui\cartable-ui\.next\standalone\node_modules\next\dist\compiled\next-server\app-route.runtime.prod.js:5:20152)
2025-12-15 15:39:24 +03:30: [31m[auth][error][0m MissingSecret: Please define a `secret`. Read more at https://errors.authjs.dev#missingsecret
2025-12-15 15:39:24 +03:30:     at D:\Git Repos\Cartable-UI\cartable-ui\cartable-ui\.next\standalone\.next\server\middleware.js:418:51336
2025-12-15 15:39:24 +03:30:     at fB (D:\Git Repos\Cartable-UI\cartable-ui\cartable-ui\.next\standalone\.next\server\middleware.js:418:53936)
2025-12-15 15:39:24 +03:30:     at process.processTicksAndRejections (node:internal/process/task_queues:103:5)
2025-12-15 15:39:24 +03:30: [31m[auth][error][0m MissingSecret: Please define a `secret`. Read more at https://errors.authjs.dev#missingsecret
2025-12-15 15:39:24 +03:30:     at D:\Git Repos\Cartable-UI\cartable-ui\cartable-ui\.next\standalone\.next\server\chunks\658.js:415:50806
2025-12-15 15:39:24 +03:30:     at fh (D:\Git Repos\Cartable-UI\cartable-ui\cartable-ui\.next\standalone\.next\server\chunks\658.js:415:53397)
2025-12-15 15:39:24 +03:30:     at process.processTicksAndRejections (node:internal/process/task_queues:103:5)
2025-12-15 15:39:24 +03:30: [31m[auth][error][0m MissingSecret: Please define a `secret`. Read more at https://errors.authjs.dev#missingsecret
2025-12-15 15:39:24 +03:30:     at D:\Git Repos\Cartable-UI\cartable-ui\cartable-ui\.next\standalone\.next\server\chunks\658.js:415:50806
2025-12-15 15:39:24 +03:30:     at fh (D:\Git Repos\Cartable-UI\cartable-ui\cartable-ui\.next\standalone\.next\server\chunks\658.js:415:53397)
2025-12-15 15:39:24 +03:30:     at process.processTicksAndRejections (node:internal/process/task_queues:103:5)
2025-12-15 15:39:24 +03:30:     at async rM.do (D:\Git Repos\Cartable-UI\cartable-ui\cartable-ui\.next\standalone\node_modules\next\dist\compiled\next-server\app-route.runtime.prod.js:5:20152)
2025-12-15 15:39:25 +03:30: [31m[auth][error][0m MissingSecret: Please define a `secret`. Read more at https://errors.authjs.dev#missingsecret
2025-12-15 15:39:25 +03:30:     at D:\Git Repos\Cartable-UI\cartable-ui\cartable-ui\.next\standalone\.next\server\chunks\658.js:415:50806
2025-12-15 15:39:25 +03:30:     at fh (D:\Git Repos\Cartable-UI\cartable-ui\cartable-ui\.next\standalone\.next\server\chunks\658.js:415:53397)
2025-12-15 15:39:25 +03:30:     at process.processTicksAndRejections (node:internal/process/task_queues:103:5)
2025-12-15 15:39:25 +03:30:     at async rM.do (D:\Git Repos\Cartable-UI\cartable-ui\cartable-ui\.next\standalone\node_modules\next\dist\compiled\next-server\app-route.runtime.prod.js:5:20152)
2025-12-15 15:39:25 +03:30: [31m[auth][error][0m MissingSecret: Please define a `secret`. Read more at https://errors.authjs.dev#missingsecret
2025-12-15 15:39:25 +03:30:     at D:\Git Repos\Cartable-UI\cartable-ui\cartable-ui\.next\standalone\.next\server\chunks\658.js:415:50806
2025-12-15 15:39:25 +03:30:     at fh (D:\Git Repos\Cartable-UI\cartable-ui\cartable-ui\.next\standalone\.next\server\chunks\658.js:415:53397)
2025-12-15 15:39:25 +03:30:     at process.processTicksAndRejections (node:internal/process/task_queues:103:5)
2025-12-15 15:39:25 +03:30:     at async rM.do (D:\Git Repos\Cartable-UI\cartable-ui\cartable-ui\.next\standalone\node_modules\next\dist\compiled\next-server\app-route.runtime.prod.js:5:20152)
2025-12-15 15:39:33 +03:30: [31m[auth][error][0m MissingSecret: Please define a `secret`. Read more at https://errors.authjs.dev#missingsecret
2025-12-15 15:39:33 +03:30:     at D:\Git Repos\Cartable-UI\cartable-ui\cartable-ui\.next\standalone\.next\server\middleware.js:418:51336
2025-12-15 15:39:33 +03:30:     at fB (D:\Git Repos\Cartable-UI\cartable-ui\cartable-ui\.next\standalone\.next\server\middleware.js:418:53936)
2025-12-15 15:39:33 +03:30:     at process.processTicksAndRejections (node:internal/process/task_queues:103:5)
2025-12-15 15:39:33 +03:30: [31m[auth][error][0m MissingSecret: Please define a `secret`. Read more at https://errors.authjs.dev#missingsecret
2025-12-15 15:39:33 +03:30:     at D:\Git Repos\Cartable-UI\cartable-ui\cartable-ui\.next\standalone\.next\server\chunks\658.js:415:50806
2025-12-15 15:39:33 +03:30:     at fh (D:\Git Repos\Cartable-UI\cartable-ui\cartable-ui\.next\standalone\.next\server\chunks\658.js:415:53397)
2025-12-15 15:39:33 +03:30:     at process.processTicksAndRejections (node:internal/process/task_queues:103:5)
2025-12-15 15:39:33 +03:30: [31m[auth][error][0m MissingSecret: Please define a `secret`. Read more at https://errors.authjs.dev#missingsecret
2025-12-15 15:39:33 +03:30:     at D:\Git Repos\Cartable-UI\cartable-ui\cartable-ui\.next\standalone\.next\server\middleware.js:418:51336
2025-12-15 15:39:33 +03:30:     at fB (D:\Git Repos\Cartable-UI\cartable-ui\cartable-ui\.next\standalone\.next\server\middleware.js:418:53936)
2025-12-15 15:39:33 +03:30:     at process.processTicksAndRejections (node:internal/process/task_queues:103:5)
2025-12-15 15:39:33 +03:30: [31m[auth][error][0m MissingSecret: Please define a `secret`. Read more at https://errors.authjs.dev#missingsecret
2025-12-15 15:39:33 +03:30:     at D:\Git Repos\Cartable-UI\cartable-ui\cartable-ui\.next\standalone\.next\server\chunks\658.js:415:50806
2025-12-15 15:39:33 +03:30:     at fh (D:\Git Repos\Cartable-UI\cartable-ui\cartable-ui\.next\standalone\.next\server\chunks\658.js:415:53397)
2025-12-15 15:39:33 +03:30:     at process.processTicksAndRejections (node:internal/process/task_queues:103:5)
2025-12-15 15:39:33 +03:30: [31m[auth][error][0m MissingSecret: Please define a `secret`. Read more at https://errors.authjs.dev#missingsecret
2025-12-15 15:39:33 +03:30:     at D:\Git Repos\Cartable-UI\cartable-ui\cartable-ui\.next\standalone\.next\server\chunks\658.js:415:50806
2025-12-15 15:39:33 +03:30:     at fh (D:\Git Repos\Cartable-UI\cartable-ui\cartable-ui\.next\standalone\.next\server\chunks\658.js:415:53397)
2025-12-15 15:39:33 +03:30:     at process.processTicksAndRejections (node:internal/process/task_queues:103:5)
2025-12-15 15:39:33 +03:30:     at async rM.do (D:\Git Repos\Cartable-UI\cartable-ui\cartable-ui\.next\standalone\node_modules\next\dist\compiled\next-server\app-route.runtime.prod.js:5:20152)
2025-12-15 15:39:33 +03:30: [31m[auth][error][0m MissingSecret: Please define a `secret`. Read more at https://errors.authjs.dev#missingsecret
2025-12-15 15:39:33 +03:30:     at D:\Git Repos\Cartable-UI\cartable-ui\cartable-ui\.next\standalone\.next\server\chunks\658.js:415:50806
2025-12-15 15:39:33 +03:30:     at fh (D:\Git Repos\Cartable-UI\cartable-ui\cartable-ui\.next\standalone\.next\server\chunks\658.js:415:53397)
2025-12-15 15:39:33 +03:30:     at process.processTicksAndRejections (node:internal/process/task_queues:103:5)
2025-12-15 15:39:33 +03:30:     at async rM.do (D:\Git Repos\Cartable-UI\cartable-ui\cartable-ui\.next\standalone\node_modules\next\dist\compiled\next-server\app-route.runtime.prod.js:5:20152)
2025-12-15 15:39:47 +03:30: [31m[auth][error][0m MissingSecret: Please define a `secret`. Read more at https://errors.authjs.dev#missingsecret
2025-12-15 15:39:47 +03:30:     at D:\Git Repos\Cartable-UI\cartable-ui\cartable-ui\.next\standalone\.next\server\middleware.js:418:51336
2025-12-15 15:39:47 +03:30:     at fB (D:\Git Repos\Cartable-UI\cartable-ui\cartable-ui\.next\standalone\.next\server\middleware.js:418:53936)
2025-12-15 15:39:47 +03:30:     at process.processTicksAndRejections (node:internal/process/task_queues:103:5)
2025-12-15 15:39:47 +03:30: [31m[auth][error][0m MissingSecret: Please define a `secret`. Read more at https://errors.authjs.dev#missingsecret
2025-12-15 15:39:47 +03:30:     at D:\Git Repos\Cartable-UI\cartable-ui\cartable-ui\.next\standalone\.next\server\chunks\658.js:415:50806
2025-12-15 15:39:47 +03:30:     at fh (D:\Git Repos\Cartable-UI\cartable-ui\cartable-ui\.next\standalone\.next\server\chunks\658.js:415:53397)
2025-12-15 15:39:47 +03:30:     at process.processTicksAndRejections (node:internal/process/task_queues:103:5)
2025-12-15 15:39:47 +03:30: [31m[auth][error][0m MissingSecret: Please define a `secret`. Read more at https://errors.authjs.dev#missingsecret
2025-12-15 15:39:47 +03:30:     at D:\Git Repos\Cartable-UI\cartable-ui\cartable-ui\.next\standalone\.next\server\chunks\658.js:415:50806
2025-12-15 15:39:47 +03:30:     at fh (D:\Git Repos\Cartable-UI\cartable-ui\cartable-ui\.next\standalone\.next\server\chunks\658.js:415:53397)
2025-12-15 15:39:47 +03:30:     at process.processTicksAndRejections (node:internal/process/task_queues:103:5)
2025-12-15 15:39:47 +03:30:     at async rM.do (D:\Git Repos\Cartable-UI\cartable-ui\cartable-ui\.next\standalone\node_modules\next\dist\compiled\next-server\app-route.runtime.prod.js:5:20152)
2025-12-15 15:39:47 +03:30: [31m[auth][error][0m MissingSecret: Please define a `secret`. Read more at https://errors.authjs.dev#missingsecret
2025-12-15 15:39:47 +03:30:     at D:\Git Repos\Cartable-UI\cartable-ui\cartable-ui\.next\standalone\.next\server\middleware.js:418:51336
2025-12-15 15:39:47 +03:30:     at fB (D:\Git Repos\Cartable-UI\cartable-ui\cartable-ui\.next\standalone\.next\server\middleware.js:418:53936)
2025-12-15 15:39:47 +03:30:     at process.processTicksAndRejections (node:internal/process/task_queues:103:5)
2025-12-15 15:39:47 +03:30: [31m[auth][error][0m MissingSecret: Please define a `secret`. Read more at https://errors.authjs.dev#missingsecret
2025-12-15 15:39:47 +03:30:     at D:\Git Repos\Cartable-UI\cartable-ui\cartable-ui\.next\standalone\.next\server\chunks\658.js:415:50806
2025-12-15 15:39:47 +03:30:     at fh (D:\Git Repos\Cartable-UI\cartable-ui\cartable-ui\.next\standalone\.next\server\chunks\658.js:415:53397)
2025-12-15 15:39:47 +03:30:     at process.processTicksAndRejections (node:internal/process/task_queues:103:5)
2025-12-15 15:39:47 +03:30: [31m[auth][error][0m MissingSecret: Please define a `secret`. Read more at https://errors.authjs.dev#missingsecret
2025-12-15 15:39:47 +03:30:     at D:\Git Repos\Cartable-UI\cartable-ui\cartable-ui\.next\standalone\.next\server\chunks\658.js:415:50806
2025-12-15 15:39:47 +03:30:     at fh (D:\Git Repos\Cartable-UI\cartable-ui\cartable-ui\.next\standalone\.next\server\chunks\658.js:415:53397)
2025-12-15 15:39:47 +03:30:     at process.processTicksAndRejections (node:internal/process/task_queues:103:5)
2025-12-15 15:39:47 +03:30:     at async rM.do (D:\Git Repos\Cartable-UI\cartable-ui\cartable-ui\.next\standalone\node_modules\next\dist\compiled\next-server\app-route.runtime.prod.js:5:20152)
2025-12-15 15:39:48 +03:30: [31m[auth][error][0m MissingSecret: Please define a `secret`. Read more at https://errors.authjs.dev#missingsecret
2025-12-15 15:39:48 +03:30:     at D:\Git Repos\Cartable-UI\cartable-ui\cartable-ui\.next\standalone\.next\server\chunks\658.js:415:50806
2025-12-15 15:39:48 +03:30:     at fh (D:\Git Repos\Cartable-UI\cartable-ui\cartable-ui\.next\standalone\.next\server\chunks\658.js:415:53397)
2025-12-15 15:39:48 +03:30:     at process.processTicksAndRejections (node:internal/process/task_queues:103:5)
2025-12-15 15:39:48 +03:30:     at async rM.do (D:\Git Repos\Cartable-UI\cartable-ui\cartable-ui\.next\standalone\node_modules\next\dist\compiled\next-server\app-route.runtime.prod.js:5:20152)
2025-12-15 15:39:48 +03:30: [31m[auth][error][0m MissingSecret: Please define a `secret`. Read more at https://errors.authjs.dev#missingsecret
2025-12-15 15:39:48 +03:30:     at D:\Git Repos\Cartable-UI\cartable-ui\cartable-ui\.next\standalone\.next\server\chunks\658.js:415:50806
2025-12-15 15:39:48 +03:30:     at fh (D:\Git Repos\Cartable-UI\cartable-ui\cartable-ui\.next\standalone\.next\server\chunks\658.js:415:53397)
2025-12-15 15:39:48 +03:30:     at process.processTicksAndRejections (node:internal/process/task_queues:103:5)
2025-12-15 15:39:48 +03:30:     at async rM.do (D:\Git Repos\Cartable-UI\cartable-ui\cartable-ui\.next\standalone\node_modules\next\dist\compiled\next-server\app-route.runtime.prod.js:5:20152)
2025-12-15 15:39:54 +03:30: [31m[auth][error][0m MissingSecret: Please define a `secret`. Read more at https://errors.authjs.dev#missingsecret
2025-12-15 15:39:54 +03:30:     at D:\Git Repos\Cartable-UI\cartable-ui\cartable-ui\.next\standalone\.next\server\middleware.js:418:51336
2025-12-15 15:39:54 +03:30:     at fB (D:\Git Repos\Cartable-UI\cartable-ui\cartable-ui\.next\standalone\.next\server\middleware.js:418:53936)
2025-12-15 15:39:54 +03:30:     at process.processTicksAndRejections (node:internal/process/task_queues:103:5)
2025-12-15 15:39:54 +03:30: [31m[auth][error][0m MissingSecret: Please define a `secret`. Read more at https://errors.authjs.dev#missingsecret
2025-12-15 15:39:54 +03:30:     at D:\Git Repos\Cartable-UI\cartable-ui\cartable-ui\.next\standalone\.next\server\chunks\658.js:415:50806
2025-12-15 15:39:54 +03:30:     at fh (D:\Git Repos\Cartable-UI\cartable-ui\cartable-ui\.next\standalone\.next\server\chunks\658.js:415:53397)
2025-12-15 15:39:54 +03:30:     at process.processTicksAndRejections (node:internal/process/task_queues:103:5)
2025-12-15 15:39:54 +03:30: [31m[auth][error][0m MissingSecret: Please define a `secret`. Read more at https://errors.authjs.dev#missingsecret
2025-12-15 15:39:54 +03:30:     at D:\Git Repos\Cartable-UI\cartable-ui\cartable-ui\.next\standalone\.next\server\chunks\658.js:415:50806
2025-12-15 15:39:54 +03:30:     at fh (D:\Git Repos\Cartable-UI\cartable-ui\cartable-ui\.next\standalone\.next\server\chunks\658.js:415:53397)
2025-12-15 15:39:54 +03:30:     at process.processTicksAndRejections (node:internal/process/task_queues:103:5)
2025-12-15 15:39:54 +03:30:     at async rM.do (D:\Git Repos\Cartable-UI\cartable-ui\cartable-ui\.next\standalone\node_modules\next\dist\compiled\next-server\app-route.runtime.prod.js:5:20152)
2025-12-15 15:39:54 +03:30: [31m[auth][error][0m MissingSecret: Please define a `secret`. Read more at https://errors.authjs.dev#missingsecret
2025-12-15 15:39:54 +03:30:     at D:\Git Repos\Cartable-UI\cartable-ui\cartable-ui\.next\standalone\.next\server\middleware.js:418:51336
2025-12-15 15:39:54 +03:30:     at fB (D:\Git Repos\Cartable-UI\cartable-ui\cartable-ui\.next\standalone\.next\server\middleware.js:418:53936)
2025-12-15 15:39:54 +03:30:     at process.processTicksAndRejections (node:internal/process/task_queues:103:5)
2025-12-15 15:39:54 +03:30: [31m[auth][error][0m MissingSecret: Please define a `secret`. Read more at https://errors.authjs.dev#missingsecret
2025-12-15 15:39:54 +03:30:     at D:\Git Repos\Cartable-UI\cartable-ui\cartable-ui\.next\standalone\.next\server\chunks\658.js:415:50806
2025-12-15 15:39:54 +03:30:     at fh (D:\Git Repos\Cartable-UI\cartable-ui\cartable-ui\.next\standalone\.next\server\chunks\658.js:415:53397)
2025-12-15 15:39:54 +03:30:     at process.processTicksAndRejections (node:internal/process/task_queues:103:5)
2025-12-15 15:39:54 +03:30: [31m[auth][error][0m MissingSecret: Please define a `secret`. Read more at https://errors.authjs.dev#missingsecret
2025-12-15 15:39:54 +03:30:     at D:\Git Repos\Cartable-UI\cartable-ui\cartable-ui\.next\standalone\.next\server\chunks\658.js:415:50806
2025-12-15 15:39:54 +03:30:     at fh (D:\Git Repos\Cartable-UI\cartable-ui\cartable-ui\.next\standalone\.next\server\chunks\658.js:415:53397)
2025-12-15 15:39:54 +03:30:     at process.processTicksAndRejections (node:internal/process/task_queues:103:5)
2025-12-15 15:39:54 +03:30:     at async rM.do (D:\Git Repos\Cartable-UI\cartable-ui\cartable-ui\.next\standalone\node_modules\next\dist\compiled\next-server\app-route.runtime.prod.js:5:20152)
2025-12-15 15:39:56 +03:30: [31m[auth][error][0m MissingSecret: Please define a `secret`. Read more at https://errors.authjs.dev#missingsecret
2025-12-15 15:39:56 +03:30:     at D:\Git Repos\Cartable-UI\cartable-ui\cartable-ui\.next\standalone\.next\server\middleware.js:418:51336
2025-12-15 15:39:56 +03:30:     at fB (D:\Git Repos\Cartable-UI\cartable-ui\cartable-ui\.next\standalone\.next\server\middleware.js:418:53936)
2025-12-15 15:39:56 +03:30:     at process.processTicksAndRejections (node:internal/process/task_queues:103:5)
2025-12-15 15:39:56 +03:30: [31m[auth][error][0m MissingSecret: Please define a `secret`. Read more at https://errors.authjs.dev#missingsecret
2025-12-15 15:39:56 +03:30:     at D:\Git Repos\Cartable-UI\cartable-ui\cartable-ui\.next\standalone\.next\server\chunks\658.js:415:50806
2025-12-15 15:39:56 +03:30:     at fh (D:\Git Repos\Cartable-UI\cartable-ui\cartable-ui\.next\standalone\.next\server\chunks\658.js:415:53397)
2025-12-15 15:39:56 +03:30:     at process.processTicksAndRejections (node:internal/process/task_queues:103:5)
2025-12-15 15:39:56 +03:30: [31m[auth][error][0m MissingSecret: Please define a `secret`. Read more at https://errors.authjs.dev#missingsecret
2025-12-15 15:39:56 +03:30:     at D:\Git Repos\Cartable-UI\cartable-ui\cartable-ui\.next\standalone\.next\server\middleware.js:418:51336
2025-12-15 15:39:56 +03:30:     at fB (D:\Git Repos\Cartable-UI\cartable-ui\cartable-ui\.next\standalone\.next\server\middleware.js:418:53936)
2025-12-15 15:39:56 +03:30:     at process.processTicksAndRejections (node:internal/process/task_queues:103:5)
2025-12-15 15:39:56 +03:30: [31m[auth][error][0m MissingSecret: Please define a `secret`. Read more at https://errors.authjs.dev#missingsecret
2025-12-15 15:39:56 +03:30:     at D:\Git Repos\Cartable-UI\cartable-ui\cartable-ui\.next\standalone\.next\server\chunks\658.js:415:50806
2025-12-15 15:39:56 +03:30:     at fh (D:\Git Repos\Cartable-UI\cartable-ui\cartable-ui\.next\standalone\.next\server\chunks\658.js:415:53397)
2025-12-15 15:39:56 +03:30:     at process.processTicksAndRejections (node:internal/process/task_queues:103:5)
2025-12-15 15:39:56 +03:30: [31m[auth][error][0m MissingSecret: Please define a `secret`. Read more at https://errors.authjs.dev#missingsecret
2025-12-15 15:39:56 +03:30:     at D:\Git Repos\Cartable-UI\cartable-ui\cartable-ui\.next\standalone\.next\server\chunks\658.js:415:50806
2025-12-15 15:39:56 +03:30:     at fh (D:\Git Repos\Cartable-UI\cartable-ui\cartable-ui\.next\standalone\.next\server\chunks\658.js:415:53397)
2025-12-15 15:39:56 +03:30:     at process.processTicksAndRejections (node:internal/process/task_queues:103:5)
2025-12-15 15:39:56 +03:30:     at async rM.do (D:\Git Repos\Cartable-UI\cartable-ui\cartable-ui\.next\standalone\node_modules\next\dist\compiled\next-server\app-route.runtime.prod.js:5:20152)
2025-12-15 15:39:56 +03:30: [31m[auth][error][0m MissingSecret: Please define a `secret`. Read more at https://errors.authjs.dev#missingsecret
2025-12-15 15:39:56 +03:30:     at D:\Git Repos\Cartable-UI\cartable-ui\cartable-ui\.next\standalone\.next\server\chunks\658.js:415:50806
2025-12-15 15:39:56 +03:30:     at fh (D:\Git Repos\Cartable-UI\cartable-ui\cartable-ui\.next\standalone\.next\server\chunks\658.js:415:53397)
2025-12-15 15:39:56 +03:30:     at process.processTicksAndRejections (node:internal/process/task_queues:103:5)
2025-12-15 15:39:56 +03:30:     at async rM.do (D:\Git Repos\Cartable-UI\cartable-ui\cartable-ui\.next\standalone\node_modules\next\dist\compiled\next-server\app-route.runtime.prod.js:5:20152)
2025-12-15 15:39:58 +03:30: [31m[auth][error][0m MissingSecret: Please define a `secret`. Read more at https://errors.authjs.dev#missingsecret
2025-12-15 15:39:58 +03:30:     at D:\Git Repos\Cartable-UI\cartable-ui\cartable-ui\.next\standalone\.next\server\chunks\658.js:415:50806
2025-12-15 15:39:58 +03:30:     at fh (D:\Git Repos\Cartable-UI\cartable-ui\cartable-ui\.next\standalone\.next\server\chunks\658.js:415:53397)
2025-12-15 15:39:58 +03:30:     at process.processTicksAndRejections (node:internal/process/task_queues:103:5)
2025-12-15 15:39:58 +03:30:     at async rM.do (D:\Git Repos\Cartable-UI\cartable-ui\cartable-ui\.next\standalone\node_modules\next\dist\compiled\next-server\app-route.runtime.prod.js:5:20152)
2025-12-15 15:39:58 +03:30: [31m[auth][error][0m MissingSecret: Please define a `secret`. Read more at https://errors.authjs.dev#missingsecret
2025-12-15 15:39:58 +03:30:     at D:\Git Repos\Cartable-UI\cartable-ui\cartable-ui\.next\standalone\.next\server\chunks\658.js:415:50806
2025-12-15 15:39:58 +03:30:     at fh (D:\Git Repos\Cartable-UI\cartable-ui\cartable-ui\.next\standalone\.next\server\chunks\658.js:415:53397)
2025-12-15 15:39:58 +03:30:     at process.processTicksAndRejections (node:internal/process/task_queues:103:5)
2025-12-15 15:39:58 +03:30:     at async rM.do (D:\Git Repos\Cartable-UI\cartable-ui\cartable-ui\.next\standalone\node_modules\next\dist\compiled\next-server\app-route.runtime.prod.js:5:20152)
